<?xml version="1.0" encoding="UTF-8" ?>
<testsuite failures="0" time="0.057" errors="0" skipped="0" tests="6" name="seahacks.exception.ApplicationExceptionTest">
  <properties>
    <property name="java.runtime.name" value="Java(TM) SE Runtime Environment"/>
    <property name="sun.boot.library.path" value="C:\Program Files (x86)\Java\jdk1.7.0\jre\bin"/>
    <property name="java.vm.version" value="21.0-b17"/>
    <property name="user.country.format" value="NO"/>
    <property name="java.vm.vendor" value="Oracle Corporation"/>
    <property name="java.vendor.url" value="http://java.oracle.com/"/>
    <property name="path.separator" value=";"/>
    <property name="java.vm.name" value="Java HotSpot(TM) Client VM"/>
    <property name="file.encoding.pkg" value="sun.io"/>
    <property name="user.script" value=""/>
    <property name="user.country" value="US"/>
    <property name="sun.java.launcher" value="SUN_STANDARD"/>
    <property name="sun.os.patch.level" value="Service Pack 1"/>
    <property name="java.vm.specification.name" value="Java Virtual Machine Specification"/>
    <property name="user.dir" value="C:\Data\seahacks\seahacks-libraries\seahacks-exception"/>
    <property name="java.runtime.version" value="1.7.0-b147"/>
    <property name="java.awt.graphicsenv" value="sun.awt.Win32GraphicsEnvironment"/>
    <property name="basedir" value="C:\Data\seahacks\seahacks-libraries\seahacks-exception"/>
    <property name="java.endorsed.dirs" value="C:\Program Files (x86)\Java\jdk1.7.0\jre\lib\endorsed"/>
    <property name="os.arch" value="x86"/>
    <property name="surefire.real.class.path" value="C:\Data\seahacks\seahacks-libraries\seahacks-exception\target\surefire\surefirebooter1642233503185110427.jar"/>
    <property name="java.io.tmpdir" value="C:\Users\JON~1.FAG\AppData\Local\Temp\"/>
    <property name="line.separator" value="
"/>
    <property name="java.vm.specification.vendor" value="Oracle Corporation"/>
    <property name="user.variant" value=""/>
    <property name="os.name" value="Windows 7"/>
    <property name="sun.jnu.encoding" value="Cp1252"/>
    <property name="java.library.path" value="C:\Program Files (x86)\Java\jdk1.7.0\jre\bin;C:\Windows\Sun\Java\bin;C:\Windows\system32;C:\Windows;C:\Program Files\Dell\DW WLAN Card;C:\oraclexe\app\oracle\product\11.2.0\server\bin;C:\Program Files\Common Files\Microsoft Shared\Windows Live;C:\Program Files (x86)\Common Files\Microsoft Shared\Windows Live;C:\Windows\system32;C:\Windows;C:\Windows\System32\Wbem;C:\Program Files (x86)\Windows Live\Shared;C:\Program Files (x86)\Java\jdk1.7.0\jre\bin;C:\APPS\Maven\apache-maven-3.0.3\bin;C:\Program Files (x86)\Tail4win;C:\Program Files\7-Zip;C:\Windows\System32\WindowsPowerShell\v1.0\;C:\Windows\System32\WindowsPowerShell\v1.0\;C:\Program Files (x86)\QuickTime\QTSystem\;."/>
    <property name="surefire.test.class.path" value="C:\Data\seahacks\seahacks-libraries\seahacks-exception\target\test-classes;C:\Data\seahacks\seahacks-libraries\seahacks-exception\target\classes;C:\Users\jon.fagerholm\.m2\repository\junit\junit\4.11\junit-4.11.jar;C:\Users\jon.fagerholm\.m2\repository\org\hamcrest\hamcrest-core\1.3\hamcrest-core-1.3.jar;C:\Users\jon.fagerholm\.m2\repository\ch\qos\logback\logback-classic\1.0.13\logback-classic-1.0.13.jar;C:\Users\jon.fagerholm\.m2\repository\ch\qos\logback\logback-core\1.0.13\logback-core-1.0.13.jar;C:\Users\jon.fagerholm\.m2\repository\org\slf4j\slf4j-api\1.7.5\slf4j-api-1.7.5.jar;"/>
    <property name="java.specification.name" value="Java Platform API Specification"/>
    <property name="java.class.version" value="51.0"/>
    <property name="sun.management.compiler" value="HotSpot Client Compiler"/>
    <property name="os.version" value="6.1"/>
    <property name="user.home" value="C:\Users\jon.fagerholm"/>
    <property name="user.timezone" value=""/>
    <property name="java.awt.printerjob" value="sun.awt.windows.WPrinterJob"/>
    <property name="java.specification.version" value="1.7"/>
    <property name="file.encoding" value="Cp1252"/>
    <property name="user.name" value="jon.fagerholm"/>
    <property name="java.class.path" value="C:\Data\seahacks\seahacks-libraries\seahacks-exception\target\test-classes;C:\Data\seahacks\seahacks-libraries\seahacks-exception\target\classes;C:\Users\jon.fagerholm\.m2\repository\junit\junit\4.11\junit-4.11.jar;C:\Users\jon.fagerholm\.m2\repository\org\hamcrest\hamcrest-core\1.3\hamcrest-core-1.3.jar;C:\Users\jon.fagerholm\.m2\repository\ch\qos\logback\logback-classic\1.0.13\logback-classic-1.0.13.jar;C:\Users\jon.fagerholm\.m2\repository\ch\qos\logback\logback-core\1.0.13\logback-core-1.0.13.jar;C:\Users\jon.fagerholm\.m2\repository\org\slf4j\slf4j-api\1.7.5\slf4j-api-1.7.5.jar;"/>
    <property name="java.vm.specification.version" value="1.7"/>
    <property name="sun.arch.data.model" value="32"/>
    <property name="java.home" value="C:\Program Files (x86)\Java\jdk1.7.0\jre"/>
    <property name="sun.java.command" value="C:\Data\seahacks\seahacks-libraries\seahacks-exception\target\surefire\surefirebooter1642233503185110427.jar C:\Data\seahacks\seahacks-libraries\seahacks-exception\target\surefire\surefire6395888650927321570tmp C:\Data\seahacks\seahacks-libraries\seahacks-exception\target\surefire\surefire1738186382542571951tmp"/>
    <property name="java.specification.vendor" value="Oracle Corporation"/>
    <property name="user.language" value="en"/>
    <property name="user.language.format" value="no"/>
    <property name="awt.toolkit" value="sun.awt.windows.WToolkit"/>
    <property name="java.vm.info" value="mixed mode, sharing"/>
    <property name="java.version" value="1.7.0"/>
    <property name="java.ext.dirs" value="C:\Program Files (x86)\Java\jdk1.7.0\jre\lib\ext;C:\Windows\Sun\Java\lib\ext"/>
    <property name="sun.boot.class.path" value="C:\Program Files (x86)\Java\jdk1.7.0\jre\lib\resources.jar;C:\Program Files (x86)\Java\jdk1.7.0\jre\lib\rt.jar;C:\Program Files (x86)\Java\jdk1.7.0\jre\lib\sunrsasign.jar;C:\Program Files (x86)\Java\jdk1.7.0\jre\lib\jsse.jar;C:\Program Files (x86)\Java\jdk1.7.0\jre\lib\jce.jar;C:\Program Files (x86)\Java\jdk1.7.0\jre\lib\charsets.jar;C:\Program Files (x86)\Java\jdk1.7.0\jre\classes"/>
    <property name="java.vendor" value="Oracle Corporation"/>
    <property name="localRepository" value="C:\Users\jon.fagerholm\.m2\repository"/>
    <property name="file.separator" value="\"/>
    <property name="java.vendor.url.bug" value="http://bugreport.sun.com/bugreport/"/>
    <property name="sun.cpu.endian" value="little"/>
    <property name="sun.io.unicode.encoding" value="UnicodeLittle"/>
    <property name="sun.desktop" value="windows"/>
    <property name="sun.cpu.isalist" value="pentium_pro+mmx pentium_pro pentium+mmx pentium i486 i386 i86"/>
  </properties>
  <testcase time="0.003" classname="seahacks.exception.ApplicationExceptionTest" name="testThrowableConstructor"/>
  <testcase time="0" classname="seahacks.exception.ApplicationExceptionTest" name="testErrorCodeAndThrowableConstructor"/>
  <testcase time="0.001" classname="seahacks.exception.ApplicationExceptionTest" name="testErrorCodeConstructor"/>
  <testcase time="0" classname="seahacks.exception.ApplicationExceptionTest" name="testErrorCodeAndMessageAndThrowableConstructor"/>
  <testcase time="0.001" classname="seahacks.exception.ApplicationExceptionTest" name="testMessageAndThrowableConstructor"/>
  <testcase time="0" classname="seahacks.exception.ApplicationExceptionTest" name="testMessageConstructor"/>
</testsuite>